<?xml version="1.0" encoding="UTF-8"?>
<!-- Generated by org.testng.reporters.JUnitXMLReporter -->
<testsuite ignored="0" hostname="DESKTOP-1S20KB4" failures="0" tests="4" name="Test" time="33.095" errors="0" timestamp="2020-11-05T14:30:55 IST">
  <testcase classname="pack.testfile" name="initialization" time="10.267"/>
  <testcase classname="pack.testfile" name="minus" time="7.633"/>
  <testcase classname="pack.testfile" name="add" time="7.078"/>
  <testcase classname="pack.testfile" name="multiplication" time="8.079"/>
</testsuite> <!-- Test -->
